{"total": {"lines":{"total":640,"covered":501,"skipped":0,"pct":78.28},"statements":{"total":717,"covered":567,"skipped":0,"pct":79.08},"functions":{"total":138,"covered":85,"skipped":0,"pct":61.59},"branches":{"total":189,"covered":114,"skipped":0,"pct":60.32}}
,"/home/runner/work/FOS-Curriculum-Planner/FOS-Curriculum-Planner/src/test.ts": {"lines":{"total":3,"covered":3,"skipped":0,"pct":100},"functions":{"total":0,"covered":0,"skipped":0,"pct":100},"statements":{"total":3,"covered":3,"skipped":0,"pct":100},"branches":{"total":0,"covered":0,"skipped":0,"pct":100}}
,"/home/runner/work/FOS-Curriculum-Planner/FOS-Curriculum-Planner/src/app/app.component.ts": {"lines":{"total":3,"covered":1,"skipped":0,"pct":33.33},"functions":{"total":1,"covered":0,"skipped":0,"pct":0},"statements":{"total":4,"covered":2,"skipped":0,"pct":50},"branches":{"total":0,"covered":0,"skipped":0,"pct":100}}
,"/home/runner/work/FOS-Curriculum-Planner/FOS-Curriculum-Planner/src/app/components/component-base.ts": {"lines":{"total":6,"covered":5,"skipped":0,"pct":83.33},"functions":{"total":3,"covered":2,"skipped":0,"pct":66.67},"statements":{"total":8,"covered":7,"skipped":0,"pct":87.5},"branches":{"total":2,"covered":0,"skipped":0,"pct":0}}
,"/home/runner/work/FOS-Curriculum-Planner/FOS-Curriculum-Planner/src/app/components/admin-aps/admin-aps.component.ts": {"lines":{"total":20,"covered":17,"skipped":0,"pct":85},"functions":{"total":6,"covered":4,"skipped":0,"pct":66.67},"statements":{"total":21,"covered":18,"skipped":0,"pct":85.71},"branches":{"total":0,"covered":0,"skipped":0,"pct":100}}
,"/home/runner/work/FOS-Curriculum-Planner/FOS-Curriculum-Planner/src/app/components/admin-degree/admin-degree.component.ts": {"lines":{"total":67,"covered":51,"skipped":0,"pct":76.12},"functions":{"total":7,"covered":5,"skipped":0,"pct":71.43},"statements":{"total":68,"covered":52,"skipped":0,"pct":76.47},"branches":{"total":0,"covered":0,"skipped":0,"pct":100}}
,"/home/runner/work/FOS-Curriculum-Planner/FOS-Curriculum-Planner/src/app/components/admin-page/admin-page.component.ts": {"lines":{"total":102,"covered":77,"skipped":0,"pct":75.49},"functions":{"total":23,"covered":14,"skipped":0,"pct":60.87},"statements":{"total":106,"covered":80,"skipped":0,"pct":75.47},"branches":{"total":26,"covered":10,"skipped":0,"pct":38.46}}
,"/home/runner/work/FOS-Curriculum-Planner/FOS-Curriculum-Planner/src/app/components/home/home.component.ts": {"lines":{"total":2,"covered":1,"skipped":0,"pct":50},"functions":{"total":1,"covered":0,"skipped":0,"pct":0},"statements":{"total":3,"covered":2,"skipped":0,"pct":66.67},"branches":{"total":0,"covered":0,"skipped":0,"pct":100}}
,"/home/runner/work/FOS-Curriculum-Planner/FOS-Curriculum-Planner/src/app/components/offer-page/offer-page.component.ts": {"lines":{"total":109,"covered":83,"skipped":0,"pct":76.15},"functions":{"total":26,"covered":18,"skipped":0,"pct":69.23},"statements":{"total":134,"covered":105,"skipped":0,"pct":78.36},"branches":{"total":51,"covered":38,"skipped":0,"pct":74.51}}
,"/home/runner/work/FOS-Curriculum-Planner/FOS-Curriculum-Planner/src/app/components/signin/signin.component.ts": {"lines":{"total":18,"covered":13,"skipped":0,"pct":72.22},"functions":{"total":6,"covered":4,"skipped":0,"pct":66.67},"statements":{"total":19,"covered":14,"skipped":0,"pct":73.68},"branches":{"total":4,"covered":3,"skipped":0,"pct":75}}
,"/home/runner/work/FOS-Curriculum-Planner/FOS-Curriculum-Planner/src/app/components/user-page/user-page.component.ts": {"lines":{"total":238,"covered":201,"skipped":0,"pct":84.45},"functions":{"total":22,"covered":17,"skipped":0,"pct":77.27},"statements":{"total":267,"covered":228,"skipped":0,"pct":85.39},"branches":{"total":98,"covered":59,"skipped":0,"pct":60.2}}
,"/home/runner/work/FOS-Curriculum-Planner/FOS-Curriculum-Planner/src/app/components/view-course/view-course.component.ts": {"lines":{"total":23,"covered":20,"skipped":0,"pct":86.96},"functions":{"total":10,"covered":7,"skipped":0,"pct":70},"statements":{"total":26,"covered":22,"skipped":0,"pct":84.62},"branches":{"total":4,"covered":2,"skipped":0,"pct":50}}
,"/home/runner/work/FOS-Curriculum-Planner/FOS-Curriculum-Planner/src/app/services/auth-gaurd.service.ts": {"lines":{"total":8,"covered":3,"skipped":0,"pct":37.5},"functions":{"total":2,"covered":1,"skipped":0,"pct":50},"statements":{"total":9,"covered":4,"skipped":0,"pct":44.44},"branches":{"total":2,"covered":0,"skipped":0,"pct":0}}
,"/home/runner/work/FOS-Curriculum-Planner/FOS-Curriculum-Planner/src/app/services/authentication.service.ts": {"lines":{"total":11,"covered":4,"skipped":0,"pct":36.36},"functions":{"total":5,"covered":1,"skipped":0,"pct":20},"statements":{"total":12,"covered":5,"skipped":0,"pct":41.67},"branches":{"total":2,"covered":2,"skipped":0,"pct":100}}
,"/home/runner/work/FOS-Curriculum-Planner/FOS-Curriculum-Planner/src/app/shared/services/api.ts": {"lines":{"total":1,"covered":1,"skipped":0,"pct":100},"functions":{"total":0,"covered":0,"skipped":0,"pct":100},"statements":{"total":1,"covered":1,"skipped":0,"pct":100},"branches":{"total":0,"covered":0,"skipped":0,"pct":100}}
,"/home/runner/work/FOS-Curriculum-Planner/FOS-Curriculum-Planner/src/app/shared/services/course.services.ts": {"lines":{"total":17,"covered":9,"skipped":0,"pct":52.94},"functions":{"total":19,"covered":6,"skipped":0,"pct":31.58},"statements":{"total":22,"covered":10,"skipped":0,"pct":45.45},"branches":{"total":0,"covered":0,"skipped":0,"pct":100}}
,"/home/runner/work/FOS-Curriculum-Planner/FOS-Curriculum-Planner/src/app/shared/services/subject.services.ts": {"lines":{"total":4,"covered":4,"skipped":0,"pct":100},"functions":{"total":4,"covered":3,"skipped":0,"pct":75},"statements":{"total":5,"covered":5,"skipped":0,"pct":100},"branches":{"total":0,"covered":0,"skipped":0,"pct":100}}
,"/home/runner/work/FOS-Curriculum-Planner/FOS-Curriculum-Planner/src/app/shared/services/user.services.ts": {"lines":{"total":7,"covered":7,"skipped":0,"pct":100},"functions":{"total":3,"covered":3,"skipped":0,"pct":100},"statements":{"total":8,"covered":8,"skipped":0,"pct":100},"branches":{"total":0,"covered":0,"skipped":0,"pct":100}}
,"/home/runner/work/FOS-Curriculum-Planner/FOS-Curriculum-Planner/src/environments/environment.ts": {"lines":{"total":1,"covered":1,"skipped":0,"pct":100},"functions":{"total":0,"covered":0,"skipped":0,"pct":100},"statements":{"total":1,"covered":1,"skipped":0,"pct":100},"branches":{"total":0,"covered":0,"skipped":0,"pct":100}}
}
