TN:
SF:src/test.ts
FNF:0
FNH:0
DA:18,1
DA:23,1
DA:25,1
LF:3
LH:3
BRF:0
BRH:0
end_of_record
TN:
SF:src/app/app.component.ts
FN:10,(anonymous_0)
FNF:1
FNH:0
FNDA:0,(anonymous_0)
DA:8,1
DA:11,0
DA:12,0
LF:3
LH:1
BRF:0
BRH:0
end_of_record
TN:
SF:src/app/components/component-base.ts
FN:9,(anonymous_0)
FN:14,(anonymous_1)
FN:17,(anonymous_2)
FNF:3
FNH:2
FNDA:5,(anonymous_0)
FNDA:1,(anonymous_1)
FNDA:0,(anonymous_2)
DA:6,1
DA:10,5
DA:11,5
DA:12,5
DA:14,5
DA:18,0
LF:6
LH:5
BRDA:18,0,0,0
BRDA:18,0,1,0
BRF:2
BRH:0
end_of_record
TN:
SF:src/app/components/admin-aps/admin-aps.component.ts
FN:30,(anonymous_0)
FN:40,(anonymous_1)
FN:44,(anonymous_2)
FN:52,(anonymous_3)
FN:71,(anonymous_4)
FN:88,(anonymous_5)
FNF:6
FNH:4
FNDA:8,(anonymous_0)
FNDA:8,(anonymous_1)
FNDA:0,(anonymous_2)
FNDA:5,(anonymous_3)
FNDA:1,(anonymous_4)
FNDA:0,(anonymous_5)
DA:24,1
DA:25,8
DA:26,8
DA:27,8
DA:31,8
DA:32,8
DA:33,8
DA:34,8
DA:35,8
DA:36,8
DA:37,8
DA:43,8
DA:45,0
DA:46,0
DA:53,5
DA:54,5
DA:59,8
DA:73,1
DA:84,1
DA:89,0
LF:20
LH:17
BRF:0
BRH:0
end_of_record
TN:
SF:src/app/components/admin-degree/admin-degree.component.ts
FN:31,(anonymous_0)
FN:41,(anonymous_1)
FN:43,(anonymous_2)
FN:88,(anonymous_3)
FN:132,(anonymous_4)
FN:163,(anonymous_5)
FN:196,(anonymous_6)
FNF:7
FNH:5
FNDA:5,(anonymous_0)
FNDA:5,(anonymous_1)
FNDA:0,(anonymous_2)
FNDA:1,(anonymous_3)
FNDA:1,(anonymous_4)
FNDA:1,(anonymous_5)
FNDA:0,(anonymous_6)
DA:25,1
DA:26,5
DA:27,5
DA:28,5
DA:32,5
DA:33,5
DA:34,5
DA:35,5
DA:36,5
DA:37,5
DA:38,5
DA:42,5
DA:44,0
DA:51,5
DA:69,5
DA:89,1
DA:90,1
DA:91,1
DA:93,1
DA:94,0
DA:95,0
DA:97,0
DA:98,0
DA:99,0
DA:100,0
DA:102,0
DA:103,0
DA:104,0
DA:106,0
DA:107,0
DA:108,0
DA:109,0
DA:111,0
DA:133,1
DA:134,1
DA:135,1
DA:136,1
DA:138,1
DA:140,1
DA:141,1
DA:142,1
DA:144,1
DA:146,1
DA:147,1
DA:148,1
DA:149,1
DA:151,1
DA:154,1
DA:160,1
DA:164,1
DA:165,1
DA:166,1
DA:167,1
DA:169,1
DA:171,1
DA:172,1
DA:173,1
DA:175,1
DA:177,1
DA:178,1
DA:179,1
DA:180,1
DA:182,1
DA:185,1
DA:192,1
DA:193,1
DA:197,0
LF:67
LH:51
BRF:0
BRH:0
end_of_record
TN:
SF:src/app/components/admin-page/admin-page.component.ts
FN:67,(anonymous_1)
FN:77,(anonymous_2)
FN:79,(anonymous_3)
FN:84,(anonymous_4)
FN:89,(anonymous_5)
FN:94,(anonymous_6)
FN:95,(anonymous_7)
FN:100,(anonymous_8)
FN:114,(anonymous_9)
FN:117,(anonymous_10)
FN:131,(anonymous_11)
FN:155,(anonymous_12)
FN:161,(anonymous_13)
FN:177,(anonymous_14)
FN:187,(anonymous_15)
FN:215,(anonymous_16)
FN:222,(anonymous_17)
FN:227,(anonymous_18)
FN:239,(anonymous_19)
FN:242,(anonymous_20)
FN:245,(anonymous_21)
FN:268,(anonymous_22)
FN:294,(anonymous_23)
FNF:23
FNH:14
FNDA:1,(anonymous_1)
FNDA:1,(anonymous_2)
FNDA:2,(anonymous_3)
FNDA:2,(anonymous_4)
FNDA:2,(anonymous_5)
FNDA:0,(anonymous_6)
FNDA:0,(anonymous_7)
FNDA:1,(anonymous_8)
FNDA:15,(anonymous_9)
FNDA:0,(anonymous_10)
FNDA:15,(anonymous_11)
FNDA:1,(anonymous_12)
FNDA:0,(anonymous_13)
FNDA:0,(anonymous_14)
FNDA:1,(anonymous_15)
FNDA:0,(anonymous_16)
FNDA:0,(anonymous_17)
FNDA:0,(anonymous_18)
FNDA:2,(anonymous_19)
FNDA:1,(anonymous_20)
FNDA:0,(anonymous_21)
FNDA:1,(anonymous_22)
FNDA:1,(anonymous_23)
DA:24,1
DA:26,15
DA:28,15
DA:29,15
DA:30,15
DA:32,15
DA:33,15
DA:34,15
DA:36,15
DA:39,15
DA:40,15
DA:41,15
DA:42,15
DA:58,15
DA:59,15
DA:60,15
DA:61,15
DA:62,15
DA:63,15
DA:64,15
DA:68,1
DA:69,1
DA:70,1
DA:71,1
DA:79,2
DA:80,1
DA:81,1
DA:85,2
DA:86,2
DA:87,2
DA:90,2
DA:91,2
DA:92,2
DA:95,0
DA:96,0
DA:97,0
DA:101,1
DA:102,1
DA:103,1
DA:104,1
DA:105,1
DA:106,1
DA:107,1
DA:108,1
DA:109,1
DA:111,1
DA:116,15
DA:118,0
DA:125,15
DA:126,15
DA:128,15
DA:129,15
DA:131,15
DA:134,15
DA:135,15
DA:136,15
DA:137,210
DA:138,0
DA:141,15
DA:142,0
DA:145,15
DA:146,0
DA:147,0
DA:148,0
DA:156,1
DA:162,0
DA:163,0
DA:164,0
DA:168,0
DA:177,0
DA:179,0
DA:190,1
DA:191,1
DA:193,1
DA:194,1
DA:195,1
DA:197,0
DA:215,0
DA:219,0
DA:223,0
DA:229,0
DA:232,15
DA:241,2
DA:244,1
DA:245,1
DA:248,0
DA:252,1
DA:254,1
DA:256,1
DA:257,0
DA:259,1
DA:261,1
DA:269,1
DA:270,0
DA:272,1
DA:273,0
DA:275,1
DA:276,0
DA:278,1
DA:281,15
DA:296,1
DA:309,1
LF:102
LH:77
BRDA:137,0,0,0
BRDA:137,0,1,210
BRDA:141,1,0,0
BRDA:141,1,1,15
BRDA:145,2,0,0
BRDA:145,2,1,15
BRDA:163,3,0,0
BRDA:163,3,1,0
BRDA:193,4,0,1
BRDA:193,4,1,0
BRDA:193,5,0,1
BRDA:193,5,1,0
BRDA:193,5,2,0
BRDA:193,5,3,0
BRDA:193,5,4,0
BRDA:193,5,5,0
BRDA:244,6,0,1
BRDA:244,6,1,0
BRDA:256,7,0,0
BRDA:256,7,1,1
BRDA:269,8,0,0
BRDA:269,8,1,1
BRDA:272,9,0,0
BRDA:272,9,1,1
BRDA:275,10,0,0
BRDA:275,10,1,1
BRF:26
BRH:10
end_of_record
TN:
SF:src/app/components/home/home.component.ts
FN:15,(anonymous_1)
FNF:1
FNH:0
FNDA:0,(anonymous_1)
DA:11,1
DA:12,0
LF:2
LH:1
BRF:0
BRH:0
end_of_record
TN:
SF:src/app/components/offer-page/offer-page.component.ts
FN:14,(anonymous_0)
FN:19,(anonymous_1)
FN:21,(anonymous_2)
FN:24,(anonymous_3)
FN:29,(anonymous_4)
FN:30,(anonymous_5)
FN:35,(anonymous_6)
FN:37,(anonymous_7)
FN:50,(anonymous_8)
FN:63,(anonymous_9)
FN:65,(anonymous_10)
FN:85,(anonymous_11)
FN:96,(anonymous_12)
FN:107,(anonymous_13)
FN:115,(anonymous_14)
FN:116,(anonymous_15)
FN:117,(anonymous_16)
FN:132,(anonymous_17)
FN:142,(anonymous_18)
FN:143,(anonymous_19)
FN:148,(anonymous_20)
FN:150,(anonymous_21)
FN:193,(anonymous_22)
FN:194,(anonymous_23)
FN:205,(anonymous_24)
FN:209,(anonymous_25)
FNF:26
FNH:18
FNDA:19,(anonymous_0)
FNDA:22,(anonymous_1)
FNDA:1,(anonymous_2)
FNDA:0,(anonymous_3)
FNDA:0,(anonymous_4)
FNDA:0,(anonymous_5)
FNDA:22,(anonymous_6)
FNDA:1,(anonymous_7)
FNDA:21,(anonymous_8)
FNDA:1,(anonymous_9)
FNDA:0,(anonymous_10)
FNDA:1,(anonymous_11)
FNDA:6,(anonymous_12)
FNDA:3,(anonymous_13)
FNDA:6,(anonymous_14)
FNDA:8,(anonymous_15)
FNDA:3,(anonymous_16)
FNDA:12,(anonymous_17)
FNDA:1,(anonymous_18)
FNDA:2,(anonymous_19)
FNDA:2,(anonymous_20)
FNDA:2,(anonymous_21)
FNDA:0,(anonymous_22)
FNDA:0,(anonymous_23)
FNDA:0,(anonymous_24)
FNDA:0,(anonymous_25)
DA:12,1
DA:15,19
DA:20,22
DA:22,1
DA:24,1
DA:25,1
DA:26,1
DA:29,1
DA:30,1
DA:36,22
DA:38,1
DA:39,1
DA:40,1
DA:42,0
DA:44,1
DA:45,1
DA:51,21
DA:52,21
DA:65,1
DA:66,0
DA:68,1
DA:69,1
DA:71,1
DA:72,1
DA:74,0
DA:75,0
DA:76,0
DA:80,1
DA:87,1
DA:90,1
DA:93,1
DA:94,1
DA:99,6
DA:101,6
DA:102,6
DA:103,4
DA:104,2
DA:105,0
DA:109,3
DA:110,3
DA:111,3
DA:112,3
DA:113,3
DA:114,3
DA:115,6
DA:116,8
DA:117,3
DA:118,3
DA:119,3
DA:120,3
DA:122,3
DA:123,3
DA:124,3
DA:125,3
DA:127,3
DA:128,2
DA:129,1
DA:130,0
DA:134,12
DA:135,4
DA:136,3
DA:137,2
DA:138,1
DA:143,2
DA:145,1
DA:149,2
DA:150,2
DA:151,2
DA:155,2
DA:157,2
DA:159,0
DA:161,2
DA:163,0
DA:165,2
DA:167,0
DA:169,2
DA:171,0
DA:173,2
DA:175,1
DA:177,1
DA:179,0
DA:181,1
DA:183,0
DA:185,1
DA:187,1
DA:190,2
DA:194,0
DA:195,0
DA:197,0
DA:198,0
DA:199,0
DA:200,0
DA:207,0
DA:209,0
DA:210,0
DA:212,0
DA:213,0
DA:214,0
DA:216,0
DA:219,19
DA:220,19
DA:221,19
DA:222,19
DA:223,19
DA:224,19
DA:225,19
DA:227,19
DA:230,19
DA:281,19
LF:109
LH:83
BRDA:72,0,0,0
BRDA:72,0,1,1
BRDA:102,1,0,2
BRDA:102,1,1,4
BRDA:103,2,0,2
BRDA:103,2,1,2
BRDA:104,3,0,2
BRDA:104,3,1,0
BRDA:104,4,0,2
BRDA:104,4,1,2
BRDA:118,5,0,2
BRDA:118,5,1,1
BRDA:119,6,0,2
BRDA:119,6,1,1
BRDA:120,7,0,3
BRDA:120,7,1,0
BRDA:127,8,0,1
BRDA:127,8,1,2
BRDA:128,9,0,1
BRDA:128,9,1,1
BRDA:129,10,0,1
BRDA:129,10,1,0
BRDA:134,11,0,8
BRDA:134,11,1,4
BRDA:134,12,0,12
BRDA:134,12,1,8
BRDA:134,12,2,6
BRDA:135,13,0,1
BRDA:135,13,1,3
BRDA:136,14,0,1
BRDA:136,14,1,2
BRDA:137,15,0,1
BRDA:137,15,1,1
BRDA:157,16,0,0
BRDA:157,16,1,2
BRDA:161,17,0,0
BRDA:161,17,1,2
BRDA:165,18,0,0
BRDA:165,18,1,2
BRDA:169,19,0,0
BRDA:169,19,1,2
BRDA:173,20,0,1
BRDA:173,20,1,1
BRDA:177,21,0,0
BRDA:177,21,1,1
BRDA:181,22,0,0
BRDA:181,22,1,1
BRDA:185,23,0,1
BRDA:185,23,1,0
BRDA:207,24,0,0
BRDA:207,24,1,0
BRF:51
BRH:38
end_of_record
TN:
SF:src/app/components/signin/signin.component.ts
FN:19,(anonymous_0)
FN:26,(anonymous_1)
FN:37,(anonymous_2)
FN:39,(anonymous_3)
FN:51,(anonymous_4)
FN:54,(anonymous_5)
FNF:6
FNH:4
FNDA:7,(anonymous_0)
FNDA:7,(anonymous_1)
FNDA:1,(anonymous_2)
FNDA:1,(anonymous_3)
FNDA:0,(anonymous_4)
FNDA:0,(anonymous_5)
DA:12,1
DA:14,7
DA:15,7
DA:20,7
DA:21,7
DA:22,7
DA:23,7
DA:27,7
DA:33,7
DA:37,1
DA:40,1
DA:43,1
DA:44,1
DA:47,0
DA:48,0
DA:52,0
DA:55,0
DA:56,0
LF:18
LH:13
BRDA:33,0,0,7
BRDA:33,0,1,7
BRDA:43,1,0,1
BRDA:43,1,1,0
BRF:4
BRH:3
end_of_record
TN:
SF:src/app/components/user-page/user-page.component.ts
FN:62,(anonymous_0)
FN:67,(anonymous_1)
FN:124,(anonymous_2)
FN:125,(anonymous_3)
FN:140,(anonymous_4)
FN:165,(anonymous_5)
FN:168,(anonymous_6)
FN:170,(anonymous_7)
FN:179,(anonymous_8)
FN:183,(anonymous_9)
FN:188,(anonymous_10)
FN:199,(anonymous_11)
FN:210,(anonymous_12)
FN:222,(anonymous_13)
FN:251,(anonymous_14)
FN:258,(anonymous_15)
FN:265,(anonymous_16)
FN:272,(anonymous_17)
FN:279,(anonymous_18)
FN:305,(anonymous_19)
FN:309,(anonymous_20)
FN:321,(anonymous_21)
FNF:22
FNH:17
FNDA:17,(anonymous_0)
FNDA:3,(anonymous_1)
FNDA:17,(anonymous_2)
FNDA:17,(anonymous_3)
FNDA:17,(anonymous_4)
FNDA:0,(anonymous_5)
FNDA:0,(anonymous_6)
FNDA:0,(anonymous_7)
FNDA:0,(anonymous_8)
FNDA:102,(anonymous_9)
FNDA:35,(anonymous_10)
FNDA:35,(anonymous_11)
FNDA:35,(anonymous_12)
FNDA:7,(anonymous_13)
FNDA:9,(anonymous_14)
FNDA:2,(anonymous_15)
FNDA:1,(anonymous_16)
FNDA:1,(anonymous_17)
FNDA:0,(anonymous_18)
FNDA:525,(anonymous_19)
FNDA:1,(anonymous_20)
FNDA:105,(anonymous_21)
DA:27,1
DA:29,17
DA:31,17
DA:33,17
DA:34,17
DA:36,17
DA:37,17
DA:38,17
DA:39,17
DA:43,17
DA:44,17
DA:45,17
DA:48,17
DA:49,17
DA:50,17
DA:53,17
DA:54,17
DA:55,17
DA:56,17
DA:57,17
DA:58,17
DA:59,17
DA:60,17
DA:62,17
DA:63,17
DA:68,3
DA:69,1
DA:71,1
DA:72,1
DA:74,1
DA:75,0
DA:76,0
DA:81,1
DA:82,1
DA:83,1
DA:87,2
DA:88,1
DA:90,1
DA:91,1
DA:93,1
DA:94,0
DA:95,0
DA:100,1
DA:101,1
DA:102,1
DA:104,1
DA:105,1
DA:107,1
DA:108,1
DA:110,1
DA:111,0
DA:112,0
DA:117,1
DA:118,1
DA:119,1
DA:125,17
DA:127,17
DA:128,0
DA:130,17
DA:131,0
DA:133,17
DA:134,0
DA:140,17
DA:141,17
DA:142,17
DA:143,0
DA:145,17
DA:146,0
DA:148,17
DA:149,0
DA:151,17
DA:152,238
DA:153,0
DA:155,238
DA:156,0
DA:158,238
DA:159,0
DA:168,0
DA:169,0
DA:170,0
DA:171,0
DA:172,0
DA:173,0
DA:174,0
DA:177,0
DA:180,0
DA:184,102
DA:189,35
DA:190,35
DA:191,2
DA:192,2
DA:195,35
DA:196,35
DA:200,35
DA:201,35
DA:202,2
DA:203,2
DA:206,35
DA:207,35
DA:211,35
DA:212,35
DA:213,2
DA:214,2
DA:217,35
DA:218,35
DA:223,7
DA:224,7
DA:225,7
DA:226,7
DA:227,7
DA:228,7
DA:230,7
DA:232,13
DA:233,9
DA:235,13
DA:236,2
DA:238,13
DA:239,1
DA:241,13
DA:242,1
DA:244,13
DA:245,0
DA:247,13
DA:248,0
DA:251,9
DA:253,7
DA:254,6
DA:255,3
DA:258,7
DA:260,7
DA:261,2
DA:262,0
DA:265,7
DA:267,7
DA:268,1
DA:269,0
DA:272,7
DA:274,7
DA:275,1
DA:276,0
DA:279,7
DA:281,7
DA:282,0
DA:283,0
DA:286,7
DA:287,4
DA:289,7
DA:290,0
DA:292,7
DA:293,1
DA:295,7
DA:296,1
DA:298,7
DA:299,0
DA:303,7
DA:306,525
DA:307,525
DA:308,8
DA:309,5
DA:310,5
DA:311,4
DA:318,525
DA:319,525
DA:322,105
DA:323,105
DA:324,105
DA:325,105
DA:326,105
DA:327,105
DA:328,105
DA:329,105
DA:330,105
DA:331,105
DA:333,105
DA:334,6
DA:335,6
DA:336,6
DA:337,6
DA:339,6
DA:340,6
DA:342,6
DA:344,105
DA:345,105
DA:346,105
DA:347,105
DA:348,105
DA:350,105
DA:351,105
DA:353,105
DA:356,105
DA:357,1
DA:358,1
DA:359,1
DA:360,0
DA:362,1
DA:363,1
DA:366,105
DA:367,105
DA:368,105
DA:369,105
DA:370,105
DA:372,105
DA:373,105
DA:377,105
DA:378,0
DA:379,0
DA:381,105
DA:382,105
DA:383,105
DA:384,105
DA:386,105
DA:387,105
DA:390,105
DA:391,105
DA:392,105
DA:393,105
DA:395,105
DA:396,6
DA:398,105
DA:399,1
DA:402,105
DA:403,0
DA:406,105
DA:407,6
DA:410,105
DA:411,105
DA:412,105
DA:413,105
DA:414,105
DA:415,105
DA:416,102
DA:419,105
DA:420,104
DA:423,105
DA:424,105
DA:427,105
DA:428,105
DA:432,17
LF:238
LH:201
BRDA:68,0,0,1
BRDA:68,0,1,2
BRDA:75,1,0,0
BRDA:75,1,1,0
BRDA:87,2,0,1
BRDA:87,2,1,1
BRDA:94,3,0,0
BRDA:94,3,1,0
BRDA:104,4,0,1
BRDA:104,4,1,0
BRDA:111,5,0,0
BRDA:111,5,1,0
BRDA:127,6,0,0
BRDA:127,6,1,17
BRDA:130,7,0,0
BRDA:130,7,1,17
BRDA:133,8,0,0
BRDA:133,8,1,17
BRDA:142,9,0,0
BRDA:142,9,1,17
BRDA:145,10,0,0
BRDA:145,10,1,17
BRDA:148,11,0,0
BRDA:148,11,1,17
BRDA:152,12,0,0
BRDA:152,12,1,238
BRDA:155,13,0,0
BRDA:155,13,1,238
BRDA:158,14,0,0
BRDA:158,14,1,238
BRDA:191,15,0,2
BRDA:191,15,1,0
BRDA:202,16,0,2
BRDA:202,16,1,0
BRDA:213,17,0,2
BRDA:213,17,1,0
BRDA:232,18,0,9
BRDA:232,18,1,4
BRDA:235,19,0,2
BRDA:235,19,1,11
BRDA:238,20,0,1
BRDA:238,20,1,12
BRDA:241,21,0,1
BRDA:241,21,1,12
BRDA:244,22,0,0
BRDA:244,22,1,13
BRDA:247,23,0,0
BRDA:247,23,1,13
BRDA:254,24,0,3
BRDA:254,24,1,3
BRDA:261,25,0,0
BRDA:261,25,1,2
BRDA:268,26,0,0
BRDA:268,26,1,1
BRDA:275,27,0,0
BRDA:275,27,1,1
BRDA:282,28,0,0
BRDA:282,28,1,0
BRDA:286,29,0,4
BRDA:286,29,1,3
BRDA:289,30,0,0
BRDA:289,30,1,7
BRDA:292,31,0,1
BRDA:292,31,1,6
BRDA:295,32,0,1
BRDA:295,32,1,6
BRDA:298,33,0,0
BRDA:298,33,1,7
BRDA:308,34,0,5
BRDA:308,34,1,3
BRDA:310,35,0,4
BRDA:310,35,1,1
BRDA:336,36,0,6
BRDA:336,36,1,0
BRDA:339,37,0,6
BRDA:339,37,1,0
BRDA:347,38,0,105
BRDA:347,38,1,0
BRDA:350,39,0,105
BRDA:350,39,1,0
BRDA:359,40,0,0
BRDA:359,40,1,1
BRDA:362,41,0,1
BRDA:362,41,1,0
BRDA:369,42,0,105
BRDA:369,42,1,0
BRDA:372,43,0,105
BRDA:372,43,1,0
BRDA:383,44,0,105
BRDA:383,44,1,0
BRDA:386,45,0,105
BRDA:386,45,1,0
BRDA:415,46,0,102
BRDA:415,46,1,3
BRDA:419,47,0,104
BRDA:419,47,1,1
BRDA:423,48,0,105
BRDA:423,48,1,0
BRF:98
BRH:59
end_of_record
TN:
SF:src/app/components/view-course/view-course.component.ts
FN:26,(anonymous_0)
FN:32,(anonymous_1)
FN:33,(anonymous_2)
FN:37,(anonymous_3)
FN:41,(anonymous_4)
FN:44,(anonymous_5)
FN:47,(anonymous_6)
FN:70,(anonymous_7)
FN:74,(anonymous_8)
FN:83,(anonymous_9)
FNF:10
FNH:7
FNDA:4,(anonymous_0)
FNDA:4,(anonymous_1)
FNDA:4,(anonymous_2)
FNDA:1,(anonymous_3)
FNDA:5,(anonymous_4)
FNDA:1,(anonymous_5)
FNDA:0,(anonymous_6)
FNDA:0,(anonymous_7)
FNDA:1,(anonymous_8)
FNDA:0,(anonymous_9)
DA:16,1
DA:18,4
DA:21,4
DA:25,4
DA:27,4
DA:28,4
DA:29,4
DA:33,4
DA:34,4
DA:38,1
DA:43,5
DA:46,1
DA:47,1
DA:50,0
DA:54,1
DA:56,1
DA:58,1
DA:59,0
DA:61,1
DA:63,1
DA:71,0
DA:75,1
DA:78,1
LF:23
LH:20
BRDA:46,0,0,1
BRDA:46,0,1,0
BRDA:58,1,0,0
BRDA:58,1,1,1
BRF:4
BRH:2
end_of_record
TN:
SF:src/app/services/auth-gaurd.service.ts
FN:7,(anonymous_0)
FN:12,(anonymous_1)
FNF:2
FNH:1
FNDA:1,(anonymous_0)
FNDA:0,(anonymous_1)
DA:6,1
DA:8,1
DA:9,1
DA:13,0
DA:14,0
DA:16,0
DA:20,0
DA:21,0
LF:8
LH:3
BRDA:14,0,0,0
BRDA:14,0,1,0
BRF:2
BRH:0
end_of_record
TN:
SF:src/app/services/authentication.service.ts
FN:11,(anonymous_0)
FN:16,(anonymous_1)
FN:20,(anonymous_2)
FN:22,(anonymous_3)
FN:30,(anonymous_4)
FNF:5
FNH:1
FNDA:11,(anonymous_0)
FNDA:0,(anonymous_1)
FNDA:0,(anonymous_2)
FNDA:0,(anonymous_3)
FNDA:0,(anonymous_4)
DA:7,1
DA:11,11
DA:12,11
DA:13,11
DA:17,0
DA:21,0
DA:24,0
DA:25,0
DA:26,0
DA:32,0
DA:33,0
LF:11
LH:4
BRDA:12,0,0,11
BRDA:12,0,1,11
BRF:2
BRH:2
end_of_record
TN:
SF:src/app/shared/services/api.ts
FNF:0
FNH:0
DA:4,1
LF:1
LH:1
BRF:0
BRH:0
end_of_record
TN:
SF:src/app/shared/services/course.services.ts
FN:17,(anonymous_0)
FN:31,(anonymous_1)
FN:34,(anonymous_2)
FN:37,(anonymous_3)
FN:40,(anonymous_4)
FN:43,(anonymous_5)
FN:52,(anonymous_6)
FN:52,(anonymous_7)
FN:56,(anonymous_8)
FN:60,(anonymous_9)
FN:64,(anonymous_10)
FN:73,(anonymous_11)
FN:73,(anonymous_12)
FN:76,(anonymous_13)
FN:85,(anonymous_14)
FN:85,(anonymous_15)
FN:88,(anonymous_16)
FN:97,(anonymous_17)
FN:97,(anonymous_18)
FNF:19
FNH:6
FNDA:31,(anonymous_0)
FNDA:50,(anonymous_1)
FNDA:0,(anonymous_2)
FNDA:15,(anonymous_3)
FNDA:0,(anonymous_4)
FNDA:1,(anonymous_5)
FNDA:0,(anonymous_6)
FNDA:0,(anonymous_7)
FNDA:16,(anonymous_8)
FNDA:10,(anonymous_9)
FNDA:0,(anonymous_10)
FNDA:0,(anonymous_11)
FNDA:0,(anonymous_12)
FNDA:0,(anonymous_13)
FNDA:0,(anonymous_14)
FNDA:0,(anonymous_15)
FNDA:0,(anonymous_16)
FNDA:0,(anonymous_17)
FNDA:0,(anonymous_18)
DA:12,1
DA:18,31
DA:32,50
DA:35,0
DA:38,15
DA:44,1
DA:51,1
DA:52,1
DA:57,16
DA:61,10
DA:65,0
DA:72,0
DA:73,0
DA:77,0
DA:85,0
DA:89,0
DA:97,0
LF:17
LH:9
BRF:0
BRH:0
end_of_record
TN:
SF:src/app/shared/services/subject.services.ts
FN:14,(anonymous_0)
FN:19,(anonymous_1)
FN:23,(anonymous_2)
FN:27,(anonymous_3)
FNF:4
FNH:3
FNDA:19,(anonymous_0)
FNDA:21,(anonymous_1)
FNDA:21,(anonymous_2)
FNDA:0,(anonymous_3)
DA:12,1
DA:15,19
DA:20,21
DA:24,21
LF:4
LH:4
BRF:0
BRH:0
end_of_record
TN:
SF:src/app/shared/services/user.services.ts
FN:11,(anonymous_0)
FN:13,(anonymous_1)
FN:16,(anonymous_2)
FNF:3
FNH:3
FNDA:48,(anonymous_0)
FNDA:1,(anonymous_1)
FNDA:1,(anonymous_2)
DA:5,1
DA:7,48
DA:8,48
DA:9,48
DA:10,48
DA:14,1
DA:17,1
LF:7
LH:7
BRF:0
BRH:0
end_of_record
TN:
SF:src/environments/environment.ts
FNF:0
FNH:0
DA:5,1
LF:1
LH:1
BRF:0
BRH:0
end_of_record
